#
# There is insufficient memory for the Java Runtime Environment to continue.
# Native memory allocation (mmap) failed to map 87031808 bytes for committing reserved memory.
# Possible reasons:
#   The system is out of physical RAM or swap space
#   In 32 bit mode, the process size limit was hit
# Possible solutions:
#   Reduce memory load on the system
#   Increase physical memory or swap space
#   Check if swap backing store is full
#   Use 64 bit Java on a 64 bit OS
#   Decrease Java heap size (-Xmx/-Xms)
#   Decrease number of Java threads
#   Decrease Java thread stack sizes (-Xss)
#   Set larger code cache with -XX:ReservedCodeCacheSize=
# This output file may be truncated or incomplete.
#
#  Out of Memory Error (os_linux.cpp:2673), pid=19195, tid=139888973694720
#
# JRE version:  (8.0_45-b14) (build )
# Java VM: Java HotSpot(TM) 64-Bit Server VM (25.45-b02 mixed mode linux-amd64 compressed oops)
# Failed to write core dump. Core dumps have been disabled. To enable core dumping, try "ulimit -c unlimited" before starting Java again
#

---------------  T H R E A D  ---------------

Current thread (0x00007f3a6801c800):  JavaThread "Unknown thread" [_thread_in_vm, id=19198, stack(0x00007f3a7085c000,0x00007f3a7095d000)]

Stack: [0x00007f3a7085c000,0x00007f3a7095d000],  sp=0x00007f3a7095b370,  free space=1020k
Native frames: (J=compiled Java code, j=interpreted, Vv=VM code, C=native code)
V  [libjvm.so+0xaac99a]  VMError::report_and_die()+0x2ba
V  [libjvm.so+0x4f333b]  report_vm_out_of_memory(char const*, int, unsigned long, VMErrorType, char const*)+0x8b
V  [libjvm.so+0x90e7c3]  os::Linux::commit_memory_impl(char*, unsigned long, bool)+0x103
V  [libjvm.so+0x90ed19]  os::pd_commit_memory(char*, unsigned long, unsigned long, bool)+0x29
V  [libjvm.so+0x90867a]  os::commit_memory(char*, unsigned long, unsigned long, bool)+0x2a
V  [libjvm.so+0x97bac3]  PSVirtualSpace::expand_by(unsigned long)+0x53
V  [libjvm.so+0x96bb77]  PSOldGen::initialize(ReservedSpace, unsigned long, char const*, int)+0xb7
V  [libjvm.so+0x2d4cda]  AdjoiningGenerations::AdjoiningGenerations(ReservedSpace, GenerationSizer*, unsigned long)+0x39a
V  [libjvm.so+0x931716]  ParallelScavengeHeap::initialize()+0x1d6
V  [libjvm.so+0xa75aab]  Universe::initialize_heap()+0xfb
V  [libjvm.so+0xa75e1e]  universe_init()+0x3e
V  [libjvm.so+0x62f635]  init_globals()+0x65
V  [libjvm.so+0xa5a02e]  Threads::create_vm(JavaVMInitArgs*, bool*)+0x23e
V  [libjvm.so+0x6c3244]  JNI_CreateJavaVM+0x74
C  [libjli.so+0x745e]  JavaMain+0x9e
C  [libpthread.so.0+0x7dc5]  start_thread+0xc5


---------------  P R O C E S S  ---------------

Java Threads: ( => current thread )

Other Threads:

=>0x00007f3a6801c800 (exited) JavaThread "Unknown thread" [_thread_in_vm, id=19198, stack(0x00007f3a7085c000,0x00007f3a7095d000)]

VM state:not at safepoint (not fully initialized)

VM Mutex/Monitor currently owned by a thread: None

GC Heap History (0 events):
No events

Deoptimization events (0 events):
No events

Internal exceptions (0 events):
No events

Events (0 events):
No events


Dynamic libraries:
00400000-00401000 r-xp 00000000 fc:01 134739097                          /usr/java/jdk1.8.0_45/bin/java
00600000-00601000 rw-p 00000000 fc:01 134739097                          /usr/java/jdk1.8.0_45/bin/java
02255000-02276000 rw-p 00000000 00:00 0                                  [heap]
f5300000-fab00000 ---p 00000000 00:00 0 
fab00000-fd400000 rw-p 00000000 00:00 0 
fd400000-100000000 ---p 00000000 00:00 0 
7f3a59000000-7f3a59270000 rwxp 00000000 00:00 0 
7f3a59270000-7f3a68000000 ---p 00000000 00:00 0 
7f3a68000000-7f3a68046000 rw-p 00000000 00:00 0 
7f3a68046000-7f3a6c000000 ---p 00000000 00:00 0 
7f3a6d9e1000-7f3a6dc6f000 rw-p 00000000 00:00 0 
7f3a6dc6f000-7f3a6e025000 ---p 00000000 00:00 0 
7f3a6e025000-7f3a6e03f000 r-xp 00000000 fc:01 42116001                   /usr/java/jdk1.8.0_45/jre/lib/amd64/libzip.so
7f3a6e03f000-7f3a6e23f000 ---p 0001a000 fc:01 42116001                   /usr/java/jdk1.8.0_45/jre/lib/amd64/libzip.so
7f3a6e23f000-7f3a6e240000 rw-p 0001a000 fc:01 42116001                   /usr/java/jdk1.8.0_45/jre/lib/amd64/libzip.so
7f3a6e240000-7f3a6e24c000 r-xp 00000000 fc:01 280472                     /usr/lib64/libnss_files-2.17.so
7f3a6e24c000-7f3a6e44b000 ---p 0000c000 fc:01 280472                     /usr/lib64/libnss_files-2.17.so
7f3a6e44b000-7f3a6e44c000 r--p 0000b000 fc:01 280472                     /usr/lib64/libnss_files-2.17.so
7f3a6e44c000-7f3a6e44d000 rw-p 0000c000 fc:01 280472                     /usr/lib64/libnss_files-2.17.so
7f3a6e44d000-7f3a6e453000 rw-p 00000000 00:00 0 
7f3a6e453000-7f3a6e47d000 r-xp 00000000 fc:01 42026090                   /usr/java/jdk1.8.0_45/jre/lib/amd64/libjava.so
7f3a6e47d000-7f3a6e67d000 ---p 0002a000 fc:01 42026090                   /usr/java/jdk1.8.0_45/jre/lib/amd64/libjava.so
7f3a6e67d000-7f3a6e67f000 rw-p 0002a000 fc:01 42026090                   /usr/java/jdk1.8.0_45/jre/lib/amd64/libjava.so
7f3a6e67f000-7f3a6e68c000 r-xp 00000000 fc:01 42116000                   /usr/java/jdk1.8.0_45/jre/lib/amd64/libverify.so
7f3a6e68c000-7f3a6e88c000 ---p 0000d000 fc:01 42116000                   /usr/java/jdk1.8.0_45/jre/lib/amd64/libverify.so
7f3a6e88c000-7f3a6e88e000 rw-p 0000d000 fc:01 42116000                   /usr/java/jdk1.8.0_45/jre/lib/amd64/libverify.so
7f3a6e88e000-7f3a6e895000 r-xp 00000000 fc:01 640529                     /usr/lib64/librt-2.17.so
7f3a6e895000-7f3a6ea94000 ---p 00007000 fc:01 640529                     /usr/lib64/librt-2.17.so
7f3a6ea94000-7f3a6ea95000 r--p 00006000 fc:01 640529                     /usr/lib64/librt-2.17.so
7f3a6ea95000-7f3a6ea96000 rw-p 00007000 fc:01 640529                     /usr/lib64/librt-2.17.so
7f3a6ea96000-7f3a6eb97000 r-xp 00000000 fc:01 280457                     /usr/lib64/libm-2.17.so
7f3a6eb97000-7f3a6ed96000 ---p 00101000 fc:01 280457                     /usr/lib64/libm-2.17.so
7f3a6ed96000-7f3a6ed97000 r--p 00100000 fc:01 280457                     /usr/lib64/libm-2.17.so
7f3a6ed97000-7f3a6ed98000 rw-p 00101000 fc:01 280457                     /usr/lib64/libm-2.17.so
7f3a6ed98000-7f3a6fa46000 r-xp 00000000 fc:01 58828443                   /usr/java/jdk1.8.0_45/jre/lib/amd64/server/libjvm.so
7f3a6fa46000-7f3a6fc45000 ---p 00cae000 fc:01 58828443                   /usr/java/jdk1.8.0_45/jre/lib/amd64/server/libjvm.so
7f3a6fc45000-7f3a6fd1c000 rw-p 00cad000 fc:01 58828443                   /usr/java/jdk1.8.0_45/jre/lib/amd64/server/libjvm.so
7f3a6fd1c000-7f3a6fd60000 rw-p 00000000 00:00 0 
7f3a6fd60000-7f3a6ff17000 r-xp 00000000 fc:01 71233                      /usr/lib64/libc-2.17.so
7f3a6ff17000-7f3a70117000 ---p 001b7000 fc:01 71233                      /usr/lib64/libc-2.17.so
7f3a70117000-7f3a7011b000 r--p 001b7000 fc:01 71233                      /usr/lib64/libc-2.17.so
7f3a7011b000-7f3a7011d000 rw-p 001bb000 fc:01 71233                      /usr/lib64/libc-2.17.so
7f3a7011d000-7f3a70122000 rw-p 00000000 00:00 0 
7f3a70122000-7f3a70125000 r-xp 00000000 fc:01 4802707                    /usr/lib64/libdl-2.17.so
7f3a70125000-7f3a70324000 ---p 00003000 fc:01 4802707                    /usr/lib64/libdl-2.17.so
7f3a70324000-7f3a70325000 r--p 00002000 fc:01 4802707                    /usr/lib64/libdl-2.17.so
7f3a70325000-7f3a70326000 rw-p 00003000 fc:01 4802707                    /usr/lib64/libdl-2.17.so
7f3a70326000-7f3a7033b000 r-xp 00000000 fc:01 50510383                   /usr/java/jdk1.8.0_45/lib/amd64/jli/libjli.so
7f3a7033b000-7f3a7053b000 ---p 00015000 fc:01 50510383                   /usr/java/jdk1.8.0_45/lib/amd64/jli/libjli.so
7f3a7053b000-7f3a7053c000 rw-p 00015000 fc:01 50510383                   /usr/java/jdk1.8.0_45/lib/amd64/jli/libjli.so
7f3a7053c000-7f3a70552000 r-xp 00000000 fc:01 4802711                    /usr/lib64/libpthread-2.17.so
7f3a70552000-7f3a70752000 ---p 00016000 fc:01 4802711                    /usr/lib64/libpthread-2.17.so
7f3a70752000-7f3a70753000 r--p 00016000 fc:01 4802711                    /usr/lib64/libpthread-2.17.so
7f3a70753000-7f3a70754000 rw-p 00017000 fc:01 4802711                    /usr/lib64/libpthread-2.17.so
7f3a70754000-7f3a70758000 rw-p 00000000 00:00 0 
7f3a70758000-7f3a70779000 r-xp 00000000 fc:01 8456                       /usr/lib64/ld-2.17.so
7f3a707db000-7f3a70830000 ---p 00000000 00:00 0 
7f3a70830000-7f3a70845000 rw-p 00000000 00:00 0 
7f3a70845000-7f3a7085b000 ---p 00000000 00:00 0 
7f3a7085b000-7f3a7085c000 rw-p 00000000 00:00 0 
7f3a7085c000-7f3a7085f000 ---p 00000000 00:00 0 
7f3a7085f000-7f3a70961000 rw-p 00000000 00:00 0                          [stack:19198]
7f3a7096b000-7f3a7096e000 rw-p 00000000 00:00 0 
7f3a7096e000-7f3a70976000 rw-s 00000000 fc:01 18733906                   /tmp/hsperfdata_root/19195
7f3a70976000-7f3a70977000 rw-p 00000000 00:00 0 
7f3a70977000-7f3a70978000 r--p 00000000 00:00 0 
7f3a70978000-7f3a70979000 rw-p 00000000 00:00 0 
7f3a70979000-7f3a7097a000 r--p 00021000 fc:01 8456                       /usr/lib64/ld-2.17.so
7f3a7097a000-7f3a7097b000 rw-p 00022000 fc:01 8456                       /usr/lib64/ld-2.17.so
7f3a7097b000-7f3a7097c000 rw-p 00000000 00:00 0 
7ffeaa86a000-7ffeaa895000 rw-p 00000000 00:00 0                          [stack]
7ffeaa8bd000-7ffeaa8bf000 r-xp 00000000 00:00 0                          [vdso]
ffffffffff600000-ffffffffff601000 r-xp 00000000 00:00 0                  [vsyscall]

VM Arguments:
jvm_args: -Xmx256m 
java_command: org.infinitest.testrunner.TestRunnerProcess org.infinitest.testrunner.JUnit4Runner 33132
java_class_path (initial): /root/pahuja/it/target/classes:/root/pahuja/it/target/test-classes:/root/pahuja/features/target/classes:/pahuja-features/target/test-classes:/root/.m2/repository/org/opendaylight/yangtools/yang-data-api/0.8.5-SNAPSHOT/yang-data-api-0.8.5-SNAPSHOT.jar:/root/.m2/repository/org/opendaylight/yangtools/yang-data-impl/0.8.5-SNAPSHOT/yang-data-impl-0.8.5-SNAPSHOT.jar:/root/.m2/repository/com/google/code/findbugs/jsr305/3.0.0/jsr305-3.0.0.jar:/root/.m2/repository/org/antlr/antlr4-runtime/4.5.1/antlr4-runtime-4.5.1.jar:/root/.m2/repository/org/opendaylight/yangtools/yang-data-util/0.8.5-SNAPSHOT/yang-data-util-0.8.5-SNAPSHOT.jar:/root/.m2/repository/org/opendaylight/yangtools/yang-data-codec-gson/0.8.5-SNAPSHOT/yang-data-codec-gson-0.8.5-SNAPSHOT.jar:/root/.m2/repository/org/opendaylight/yangtools/yang-model-api/0.8.5-SNAPSHOT/yang-model-api-0.8.5-SNAPSHOT.jar:/root/.m2/repository/org/opendaylight/yangtools/yang-model-util/0.8.5-SNAPSHOT/yang-model-util-0.8.5-SNAPSHOT.jar:/root/.m2/repository/org/opendaylight/yangtools/yang-parser-impl/0.8.5-SNAPSHOT/yang-parser-impl-0.8.5-SNAPSHOT.jar:/root/.m2/repository/org/opendaylight/yangtools/yang-parser-api/0.8.5-SNAPSHOT/yang-parser-api-0.8.5-SNAPSHOT.jar:/root/.m2/repository/org/opendaylight/yangtools/util/0.8.5-SNAPSHOT/util-0.8.5-SNAPSHOT.jar:/root/.m2/repository/com/github/romix/java-concurrent-hash-trie-map/0.2.23-ODL/java-concurrent-hash-trie-map-0.2.23-ODL.jar:/root/.m2/repository/org/opendaylight/yangtools/concepts/0.8.5-SNAPSHOT/concepts-0.8.5-SNAPSHOT.jar:/root/.m2/repository/org/opendaylight/yangtools/yang-common/0.8.5-SNAPSHOT/yang-common-0.8.5-SNAPSHOT.jar:/root/.m2/repository/org/opendaylight/yangtools/object-cache-api/0.8.5-SNAPSHOT/object-cache-api-0.8.5-SNAPSHOT.jar:/root/.m2/repository/org/opendaylight/yangtools/object-cache-guava/0.8.5-SNAPSHOT/object-cache-guava-0.8.5-SNAPSHOT.jar:/root/.m2/repository/org/opendaylight/yangtools/object-cache-noop/0.8.5-SNAPSHOT/object-cache-noop-0.8.5-
Launcher Type: SUN_STANDARD

Environment Variables:
JAVA_HOME=/usr/java/jdk1.8.0_45/jre
PATH=/opt/maven/bin:/usr/local/sbin:/usr/local/bin:/usr/sbin:/usr/bin:/root/bin:/usr/java/jdk1.8.0_45/bin:/usr/java/jdk1.8.0_45/jre/bin
SHELL=/bin/bash
DISPLAY=localhost:10.0

Signal Handlers:
SIGSEGV: [libjvm.so+0xaad1e0], sa_mask[0]=11111111011111111101111111111110, sa_flags=SA_RESTART|SA_SIGINFO
SIGBUS: [libjvm.so+0xaad1e0], sa_mask[0]=11111111011111111101111111111110, sa_flags=SA_RESTART|SA_SIGINFO
SIGFPE: [libjvm.so+0x90b450], sa_mask[0]=11111111011111111101111111111110, sa_flags=SA_RESTART|SA_SIGINFO
SIGPIPE: [libjvm.so+0x90b450], sa_mask[0]=11111111011111111101111111111110, sa_flags=SA_RESTART|SA_SIGINFO
SIGXFSZ: [libjvm.so+0x90b450], sa_mask[0]=11111111011111111101111111111110, sa_flags=SA_RESTART|SA_SIGINFO
SIGILL: [libjvm.so+0x90b450], sa_mask[0]=11111111011111111101111111111110, sa_flags=SA_RESTART|SA_SIGINFO
SIGUSR1: SIG_DFL, sa_mask[0]=00000000000000000000000000000000, sa_flags=none
SIGUSR2: [libjvm.so+0x90ca90], sa_mask[0]=00100000000000000000000000000000, sa_flags=SA_RESTART|SA_SIGINFO
SIGHUP: SIG_DFL, sa_mask[0]=00000000000000000000000000000000, sa_flags=none
SIGINT: SIG_DFL, sa_mask[0]=00000000000000000000000000000000, sa_flags=none
SIGTERM: SIG_DFL, sa_mask[0]=00000000000000000000000000000000, sa_flags=none
SIGQUIT: SIG_DFL, sa_mask[0]=00000000000000000000000000000000, sa_flags=none


---------------  S Y S T E M  ---------------

OS:CentOS Linux release 7.2.1511 (Core) 

uname:Linux 3.10.0-327.28.2.el7.x86_64 #1 SMP Wed Aug 3 11:11:39 UTC 2016 x86_64
libc:glibc 2.17 NPTL 2.17 
rlimit: STACK 8192k, CORE 0k, NPROC 31062, NOFILE 4096, AS infinity
load average:4.25 4.04 4.10

/proc/meminfo:
MemTotal:        8010932 kB
MemFree:          128584 kB
MemAvailable:      86460 kB
Buffers:               0 kB
Cached:            69188 kB
SwapCached:            0 kB
Active:          7443128 kB
Inactive:          42780 kB
Active(anon):    7423980 kB
Inactive(anon):    24504 kB
Active(file):      19148 kB
Inactive(file):    18276 kB
Unevictable:           0 kB
Mlocked:               0 kB
SwapTotal:             0 kB
SwapFree:              0 kB
Dirty:                76 kB
Writeback:             0 kB
AnonPages:       7417072 kB
Mapped:            33516 kB
Shmem:             31460 kB
Slab:             140296 kB
SReclaimable:      47256 kB
SUnreclaim:        93040 kB
KernelStack:       27808 kB
PageTables:       144304 kB
NFS_Unstable:          0 kB
Bounce:                0 kB
WritebackTmp:          0 kB
CommitLimit:     4005464 kB
Committed_AS:   19023532 kB
VmallocTotal:   34359738367 kB
VmallocUsed:       19932 kB
VmallocChunk:   34359715840 kB
HardwareCorrupted:     0 kB
AnonHugePages:   3303424 kB
HugePages_Total:       0
HugePages_Free:        0
HugePages_Rsvd:        0
HugePages_Surp:        0
Hugepagesize:       2048 kB
DirectMap4k:      131064 kB
DirectMap2M:     4063232 kB
DirectMap1G:     6291456 kB


CPU:total 4 (1 cores per cpu, 1 threads per core) family 6 model 42 stepping 1, cmov, cx8, fxsr, mmx, sse, sse2, sse3, ssse3, sse4.1, sse4.2, popcnt, avx, avx2, aes, clmul, erms, lzcnt, tsc, bmi1, bmi2

/proc/cpuinfo:
processor	: 0
vendor_id	: GenuineIntel
cpu family	: 6
model		: 42
model name	: Intel Xeon E312xx (Sandy Bridge)
stepping	: 1
microcode	: 0x1
cpu MHz		: 2596.992
cache size	: 4096 KB
physical id	: 0
siblings	: 1
core id		: 0
cpu cores	: 1
apicid		: 0
initial apicid	: 0
fpu		: yes
fpu_exception	: yes
cpuid level	: 13
wp		: yes
flags		: fpu vme de pse tsc msr pae mce cx8 apic sep mtrr pge mca cmov pat pse36 clflush mmx fxsr sse sse2 ss syscall nx pdpe1gb rdtscp lm constant_tsc rep_good nopl eagerfpu pni pclmulqdq ssse3 fma cx16 pcid sse4_1 sse4_2 x2apic movbe popcnt tsc_deadline_timer aes xsave avx f16c rdrand hypervisor lahf_lm abm fsgsbase bmi1 avx2 smep bmi2 erms invpcid xsaveopt
bogomips	: 5193.98
clflush size	: 64
cache_alignment	: 64
address sizes	: 46 bits physical, 48 bits virtual
power management:

processor	: 1
vendor_id	: GenuineIntel
cpu family	: 6
model		: 42
model name	: Intel Xeon E312xx (Sandy Bridge)
stepping	: 1
microcode	: 0x1
cpu MHz		: 2596.992
cache size	: 4096 KB
physical id	: 1
siblings	: 1
core id		: 0
cpu cores	: 1
apicid		: 1
initial apicid	: 1
fpu		: yes
fpu_exception	: yes
cpuid level	: 13
wp		: yes
flags		: fpu vme de pse tsc msr pae mce cx8 apic sep mtrr pge mca cmov pat pse36 clflush mmx fxsr sse sse2 ss syscall nx pdpe1gb rdtscp lm constant_tsc rep_good nopl eagerfpu pni pclmulqdq ssse3 fma cx16 pcid sse4_1 sse4_2 x2apic movbe popcnt tsc_deadline_timer aes xsave avx f16c rdrand hypervisor lahf_lm abm fsgsbase bmi1 avx2 smep bmi2 erms invpcid xsaveopt
bogomips	: 5193.98
clflush size	: 64
cache_alignment	: 64
address sizes	: 46 bits physical, 48 bits virtual
power management:

processor	: 2
vendor_id	: GenuineIntel
cpu family	: 6
model		: 42
model name	: Intel Xeon E312xx (Sandy Bridge)
stepping	: 1
microcode	: 0x1
cpu MHz		: 2596.992
cache size	: 4096 KB
physical id	: 2
siblings	: 1
core id		: 0
cpu cores	: 1
apicid		: 2
initial apicid	: 2
fpu		: yes
fpu_exception	: yes
cpuid level	: 13
wp		: yes
flags		: fpu vme de pse tsc msr pae mce cx8 apic sep mtrr pge mca cmov pat pse36 clflush mmx fxsr sse sse2 ss syscall nx pdpe1gb rdtscp lm constant_tsc rep_good nopl eagerfpu pni pclmulqdq ssse3 fma cx16 pcid sse4_1 sse4_2 x2apic movbe popcnt tsc_deadline_timer aes xsave avx f16c rdrand hypervisor lahf_lm abm fsgsbase bmi1 avx2 smep bmi2 erms invpcid xsaveopt
bogomips	: 5193.98
clflush size	: 64
cache_alignment	: 64
address sizes	: 46 bits physical, 48 bits virtual
power management:

processor	: 3
vendor_id	: GenuineIntel
cpu family	: 6
model		: 42
model name	: Intel Xeon E312xx (Sandy Bridge)
stepping	: 1
microcode	: 0x1
cpu MHz		: 2596.992
cache size	: 4096 KB
physical id	: 3
siblings	: 1
core id		: 0
cpu cores	: 1
apicid		: 3
initial apicid	: 3
fpu		: yes
fpu_exception	: yes
cpuid level	: 13
wp		: yes
flags		: fpu vme de pse tsc msr pae mce cx8 apic sep mtrr pge mca cmov pat pse36 clflush mmx fxsr sse sse2 ss syscall nx pdpe1gb rdtscp lm constant_tsc rep_good nopl eagerfpu pni pclmulqdq ssse3 fma cx16 pcid sse4_1 sse4_2 x2apic movbe popcnt tsc_deadline_timer aes xsave avx f16c rdrand hypervisor lahf_lm abm fsgsbase bmi1 avx2 smep bmi2 erms invpcid xsaveopt
bogomips	: 5193.98
clflush size	: 64
cache_alignment	: 64
address sizes	: 46 bits physical, 48 bits virtual
power management:



Memory: 4k page, physical 8010932k(128584k free), swap 0k(0k free)

vm_info: Java HotSpot(TM) 64-Bit Server VM (25.45-b02) for linux-amd64 JRE (1.8.0_45-b14), built on Apr 10 2015 10:07:45 by "java_re" with gcc 4.3.0 20080428 (Red Hat 4.3.0-8)

time: Tue Dec 27 17:47:28 2016
elapsed time: 0 seconds (0d 0h 0m 0s)

