#
# There is insufficient memory for the Java Runtime Environment to continue.
# Native memory allocation (mmap) failed to map 87031808 bytes for committing reserved memory.
# Possible reasons:
#   The system is out of physical RAM or swap space
#   In 32 bit mode, the process size limit was hit
# Possible solutions:
#   Reduce memory load on the system
#   Increase physical memory or swap space
#   Check if swap backing store is full
#   Use 64 bit Java on a 64 bit OS
#   Decrease Java heap size (-Xmx/-Xms)
#   Decrease number of Java threads
#   Decrease Java thread stack sizes (-Xss)
#   Set larger code cache with -XX:ReservedCodeCacheSize=
# This output file may be truncated or incomplete.
#
#  Out of Memory Error (os_linux.cpp:2673), pid=30022, tid=140662025107200
#
# JRE version:  (8.0_45-b14) (build )
# Java VM: Java HotSpot(TM) 64-Bit Server VM (25.45-b02 mixed mode linux-amd64 compressed oops)
# Failed to write core dump. Core dumps have been disabled. To enable core dumping, try "ulimit -c unlimited" before starting Java again
#

---------------  T H R E A D  ---------------

Current thread (0x00007fee6801c800):  JavaThread "Unknown thread" [_thread_in_vm, id=30035, stack(0x00007fee6dfa3000,0x00007fee6e0a4000)]

Stack: [0x00007fee6dfa3000,0x00007fee6e0a4000],  sp=0x00007fee6e0a2370,  free space=1020k
Native frames: (J=compiled Java code, j=interpreted, Vv=VM code, C=native code)
V  [libjvm.so+0xaac99a]  VMError::report_and_die()+0x2ba
V  [libjvm.so+0x4f333b]  report_vm_out_of_memory(char const*, int, unsigned long, VMErrorType, char const*)+0x8b
V  [libjvm.so+0x90e7c3]  os::Linux::commit_memory_impl(char*, unsigned long, bool)+0x103
V  [libjvm.so+0x90ed19]  os::pd_commit_memory(char*, unsigned long, unsigned long, bool)+0x29
V  [libjvm.so+0x90867a]  os::commit_memory(char*, unsigned long, unsigned long, bool)+0x2a
V  [libjvm.so+0x97bac3]  PSVirtualSpace::expand_by(unsigned long)+0x53
V  [libjvm.so+0x96bb77]  PSOldGen::initialize(ReservedSpace, unsigned long, char const*, int)+0xb7
V  [libjvm.so+0x2d4cda]  AdjoiningGenerations::AdjoiningGenerations(ReservedSpace, GenerationSizer*, unsigned long)+0x39a
V  [libjvm.so+0x931716]  ParallelScavengeHeap::initialize()+0x1d6
V  [libjvm.so+0xa75aab]  Universe::initialize_heap()+0xfb
V  [libjvm.so+0xa75e1e]  universe_init()+0x3e
V  [libjvm.so+0x62f635]  init_globals()+0x65
V  [libjvm.so+0xa5a02e]  Threads::create_vm(JavaVMInitArgs*, bool*)+0x23e
V  [libjvm.so+0x6c3244]  JNI_CreateJavaVM+0x74
C  [libjli.so+0x745e]  JavaMain+0x9e
C  [libpthread.so.0+0x7dc5]  start_thread+0xc5


---------------  P R O C E S S  ---------------

Java Threads: ( => current thread )

Other Threads:

=>0x00007fee6801c800 (exited) JavaThread "Unknown thread" [_thread_in_vm, id=30035, stack(0x00007fee6dfa3000,0x00007fee6e0a4000)]

VM state:not at safepoint (not fully initialized)

VM Mutex/Monitor currently owned by a thread: None

GC Heap History (0 events):
No events

Deoptimization events (0 events):
No events

Internal exceptions (0 events):
No events

Events (0 events):
No events


Dynamic libraries:
00400000-00401000 r-xp 00000000 fc:01 134739097                          /usr/java/jdk1.8.0_45/bin/java
00600000-00601000 rw-p 00000000 fc:01 134739097                          /usr/java/jdk1.8.0_45/bin/java
00d0f000-00d30000 rw-p 00000000 00:00 0                                  [heap]
f5300000-fab00000 ---p 00000000 00:00 0 
fab00000-fd400000 rw-p 00000000 00:00 0 
fd400000-100000000 ---p 00000000 00:00 0 
7fee5803a000-7fee581d9000 rw-p 00000000 00:00 0 
7fee581d9000-7fee5858f000 ---p 00000000 00:00 0 
7fee5858f000-7fee587ff000 rwxp 00000000 00:00 0 
7fee587ff000-7fee6758f000 ---p 00000000 00:00 0 
7fee6758f000-7fee675a9000 r-xp 00000000 fc:01 42116001                   /usr/java/jdk1.8.0_45/jre/lib/amd64/libzip.so
7fee675a9000-7fee677a9000 ---p 0001a000 fc:01 42116001                   /usr/java/jdk1.8.0_45/jre/lib/amd64/libzip.so
7fee677a9000-7fee677aa000 rw-p 0001a000 fc:01 42116001                   /usr/java/jdk1.8.0_45/jre/lib/amd64/libzip.so
7fee677aa000-7fee677b6000 r-xp 00000000 fc:01 280472                     /usr/lib64/libnss_files-2.17.so
7fee677b6000-7fee679b5000 ---p 0000c000 fc:01 280472                     /usr/lib64/libnss_files-2.17.so
7fee679b5000-7fee679b6000 r--p 0000b000 fc:01 280472                     /usr/lib64/libnss_files-2.17.so
7fee679b6000-7fee679b7000 rw-p 0000c000 fc:01 280472                     /usr/lib64/libnss_files-2.17.so
7fee679b7000-7fee679bd000 rw-p 00000000 00:00 0 
7fee679bd000-7fee679e7000 r-xp 00000000 fc:01 42026090                   /usr/java/jdk1.8.0_45/jre/lib/amd64/libjava.so
7fee679e7000-7fee67be7000 ---p 0002a000 fc:01 42026090                   /usr/java/jdk1.8.0_45/jre/lib/amd64/libjava.so
7fee67be7000-7fee67be9000 rw-p 0002a000 fc:01 42026090                   /usr/java/jdk1.8.0_45/jre/lib/amd64/libjava.so
7fee67be9000-7fee67bf6000 r-xp 00000000 fc:01 42116000                   /usr/java/jdk1.8.0_45/jre/lib/amd64/libverify.so
7fee67bf6000-7fee67df6000 ---p 0000d000 fc:01 42116000                   /usr/java/jdk1.8.0_45/jre/lib/amd64/libverify.so
7fee67df6000-7fee67df8000 rw-p 0000d000 fc:01 42116000                   /usr/java/jdk1.8.0_45/jre/lib/amd64/libverify.so
7fee67df8000-7fee67dff000 r-xp 00000000 fc:01 640529                     /usr/lib64/librt-2.17.so
7fee67dff000-7fee67ffe000 ---p 00007000 fc:01 640529                     /usr/lib64/librt-2.17.so
7fee67ffe000-7fee67fff000 r--p 00006000 fc:01 640529                     /usr/lib64/librt-2.17.so
7fee67fff000-7fee68000000 rw-p 00007000 fc:01 640529                     /usr/lib64/librt-2.17.so
7fee68000000-7fee68046000 rw-p 00000000 00:00 0 
7fee68046000-7fee6c000000 ---p 00000000 00:00 0 
7fee6c0ee000-7fee6c1dd000 rw-p 00000000 00:00 0 
7fee6c1dd000-7fee6c2de000 r-xp 00000000 fc:01 280457                     /usr/lib64/libm-2.17.so
7fee6c2de000-7fee6c4dd000 ---p 00101000 fc:01 280457                     /usr/lib64/libm-2.17.so
7fee6c4dd000-7fee6c4de000 r--p 00100000 fc:01 280457                     /usr/lib64/libm-2.17.so
7fee6c4de000-7fee6c4df000 rw-p 00101000 fc:01 280457                     /usr/lib64/libm-2.17.so
7fee6c4df000-7fee6d18d000 r-xp 00000000 fc:01 58828443                   /usr/java/jdk1.8.0_45/jre/lib/amd64/server/libjvm.so
7fee6d18d000-7fee6d38c000 ---p 00cae000 fc:01 58828443                   /usr/java/jdk1.8.0_45/jre/lib/amd64/server/libjvm.so
7fee6d38c000-7fee6d463000 rw-p 00cad000 fc:01 58828443                   /usr/java/jdk1.8.0_45/jre/lib/amd64/server/libjvm.so
7fee6d463000-7fee6d4a7000 rw-p 00000000 00:00 0 
7fee6d4a7000-7fee6d65e000 r-xp 00000000 fc:01 71233                      /usr/lib64/libc-2.17.so
7fee6d65e000-7fee6d85e000 ---p 001b7000 fc:01 71233                      /usr/lib64/libc-2.17.so
7fee6d85e000-7fee6d862000 r--p 001b7000 fc:01 71233                      /usr/lib64/libc-2.17.so
7fee6d862000-7fee6d864000 rw-p 001bb000 fc:01 71233                      /usr/lib64/libc-2.17.so
7fee6d864000-7fee6d869000 rw-p 00000000 00:00 0 
7fee6d869000-7fee6d86c000 r-xp 00000000 fc:01 4802707                    /usr/lib64/libdl-2.17.so
7fee6d86c000-7fee6da6b000 ---p 00003000 fc:01 4802707                    /usr/lib64/libdl-2.17.so
7fee6da6b000-7fee6da6c000 r--p 00002000 fc:01 4802707                    /usr/lib64/libdl-2.17.so
7fee6da6c000-7fee6da6d000 rw-p 00003000 fc:01 4802707                    /usr/lib64/libdl-2.17.so
7fee6da6d000-7fee6da82000 r-xp 00000000 fc:01 50510383                   /usr/java/jdk1.8.0_45/lib/amd64/jli/libjli.so
7fee6da82000-7fee6dc82000 ---p 00015000 fc:01 50510383                   /usr/java/jdk1.8.0_45/lib/amd64/jli/libjli.so
7fee6dc82000-7fee6dc83000 rw-p 00015000 fc:01 50510383                   /usr/java/jdk1.8.0_45/lib/amd64/jli/libjli.so
7fee6dc83000-7fee6dc99000 r-xp 00000000 fc:01 4802711                    /usr/lib64/libpthread-2.17.so
7fee6dc99000-7fee6de99000 ---p 00016000 fc:01 4802711                    /usr/lib64/libpthread-2.17.so
7fee6de99000-7fee6de9a000 r--p 00016000 fc:01 4802711                    /usr/lib64/libpthread-2.17.so
7fee6de9a000-7fee6de9b000 rw-p 00017000 fc:01 4802711                    /usr/lib64/libpthread-2.17.so
7fee6de9b000-7fee6de9f000 rw-p 00000000 00:00 0 
7fee6de9f000-7fee6dec0000 r-xp 00000000 fc:01 8456                       /usr/lib64/ld-2.17.so
7fee6df22000-7fee6df77000 ---p 00000000 00:00 0 
7fee6df77000-7fee6df8c000 rw-p 00000000 00:00 0 
7fee6df8c000-7fee6dfa2000 ---p 00000000 00:00 0 
7fee6dfa2000-7fee6dfa3000 rw-p 00000000 00:00 0 
7fee6dfa3000-7fee6dfa6000 ---p 00000000 00:00 0 
7fee6dfa6000-7fee6e0a8000 rw-p 00000000 00:00 0                          [stack:30035]
7fee6e0b2000-7fee6e0b5000 rw-p 00000000 00:00 0 
7fee6e0b5000-7fee6e0bd000 rw-s 00000000 fc:01 18733904                   /tmp/hsperfdata_root/30022
7fee6e0bd000-7fee6e0be000 rw-p 00000000 00:00 0 
7fee6e0be000-7fee6e0bf000 r--p 00000000 00:00 0 
7fee6e0bf000-7fee6e0c0000 rw-p 00000000 00:00 0 
7fee6e0c0000-7fee6e0c1000 r--p 00021000 fc:01 8456                       /usr/lib64/ld-2.17.so
7fee6e0c1000-7fee6e0c2000 rw-p 00022000 fc:01 8456                       /usr/lib64/ld-2.17.so
7fee6e0c2000-7fee6e0c3000 rw-p 00000000 00:00 0 
7fff29799000-7fff297c4000 rw-p 00000000 00:00 0                          [stack]
7fff297cb000-7fff297cd000 r-xp 00000000 00:00 0                          [vdso]
ffffffffff600000-ffffffffff601000 r-xp 00000000 00:00 0                  [vsyscall]

VM Arguments:
jvm_args: -Xmx256m 
java_command: org.infinitest.testrunner.TestRunnerProcess org.infinitest.testrunner.JUnit4Runner 44795
java_class_path (initial): /root/pahuja/it/target/classes:/root/pahuja/it/target/test-classes:/root/pahuja/features/target/classes:/pahuja-features/target/test-classes:/root/.m2/repository/org/opendaylight/yangtools/yang-data-api/0.8.5-SNAPSHOT/yang-data-api-0.8.5-SNAPSHOT.jar:/root/.m2/repository/org/opendaylight/yangtools/yang-data-impl/0.8.5-SNAPSHOT/yang-data-impl-0.8.5-SNAPSHOT.jar:/root/.m2/repository/com/google/code/findbugs/jsr305/3.0.0/jsr305-3.0.0.jar:/root/.m2/repository/org/antlr/antlr4-runtime/4.5.1/antlr4-runtime-4.5.1.jar:/root/.m2/repository/org/opendaylight/yangtools/yang-data-util/0.8.5-SNAPSHOT/yang-data-util-0.8.5-SNAPSHOT.jar:/root/.m2/repository/org/opendaylight/yangtools/yang-data-codec-gson/0.8.5-SNAPSHOT/yang-data-codec-gson-0.8.5-SNAPSHOT.jar:/root/.m2/repository/org/opendaylight/yangtools/yang-model-api/0.8.5-SNAPSHOT/yang-model-api-0.8.5-SNAPSHOT.jar:/root/.m2/repository/org/opendaylight/yangtools/yang-model-util/0.8.5-SNAPSHOT/yang-model-util-0.8.5-SNAPSHOT.jar:/root/.m2/repository/org/opendaylight/yangtools/yang-parser-impl/0.8.5-SNAPSHOT/yang-parser-impl-0.8.5-SNAPSHOT.jar:/root/.m2/repository/org/opendaylight/yangtools/yang-parser-api/0.8.5-SNAPSHOT/yang-parser-api-0.8.5-SNAPSHOT.jar:/root/.m2/repository/org/opendaylight/yangtools/util/0.8.5-SNAPSHOT/util-0.8.5-SNAPSHOT.jar:/root/.m2/repository/com/github/romix/java-concurrent-hash-trie-map/0.2.23-ODL/java-concurrent-hash-trie-map-0.2.23-ODL.jar:/root/.m2/repository/org/opendaylight/yangtools/concepts/0.8.5-SNAPSHOT/concepts-0.8.5-SNAPSHOT.jar:/root/.m2/repository/org/opendaylight/yangtools/yang-common/0.8.5-SNAPSHOT/yang-common-0.8.5-SNAPSHOT.jar:/root/.m2/repository/org/opendaylight/yangtools/object-cache-api/0.8.5-SNAPSHOT/object-cache-api-0.8.5-SNAPSHOT.jar:/root/.m2/repository/org/opendaylight/yangtools/object-cache-guava/0.8.5-SNAPSHOT/object-cache-guava-0.8.5-SNAPSHOT.jar:/root/.m2/repository/org/opendaylight/yangtools/object-cache-noop/0.8.5-SNAPSHOT/object-cache-noop-0.8.5-
Launcher Type: SUN_STANDARD

Environment Variables:
JAVA_HOME=/usr/java/jdk1.8.0_45/jre
PATH=/opt/maven/bin:/usr/local/sbin:/usr/local/bin:/usr/sbin:/usr/bin:/root/bin:/usr/java/jdk1.8.0_45/bin:/usr/java/jdk1.8.0_45/jre/bin
SHELL=/bin/bash
DISPLAY=localhost:10.0

Signal Handlers:
SIGSEGV: [libjvm.so+0xaad1e0], sa_mask[0]=11111111011111111101111111111110, sa_flags=SA_RESTART|SA_SIGINFO
SIGBUS: [libjvm.so+0xaad1e0], sa_mask[0]=11111111011111111101111111111110, sa_flags=SA_RESTART|SA_SIGINFO
SIGFPE: [libjvm.so+0x90b450], sa_mask[0]=11111111011111111101111111111110, sa_flags=SA_RESTART|SA_SIGINFO
SIGPIPE: [libjvm.so+0x90b450], sa_mask[0]=11111111011111111101111111111110, sa_flags=SA_RESTART|SA_SIGINFO
SIGXFSZ: [libjvm.so+0x90b450], sa_mask[0]=11111111011111111101111111111110, sa_flags=SA_RESTART|SA_SIGINFO
SIGILL: [libjvm.so+0x90b450], sa_mask[0]=11111111011111111101111111111110, sa_flags=SA_RESTART|SA_SIGINFO
SIGUSR1: SIG_DFL, sa_mask[0]=00000000000000000000000000000000, sa_flags=none
SIGUSR2: [libjvm.so+0x90ca90], sa_mask[0]=00100000000000000000000000000000, sa_flags=SA_RESTART|SA_SIGINFO
SIGHUP: SIG_DFL, sa_mask[0]=00000000000000000000000000000000, sa_flags=none
SIGINT: SIG_DFL, sa_mask[0]=00000000000000000000000000000000, sa_flags=none
SIGTERM: SIG_DFL, sa_mask[0]=00000000000000000000000000000000, sa_flags=none
SIGQUIT: SIG_DFL, sa_mask[0]=00000000000000000000000000000000, sa_flags=none


---------------  S Y S T E M  ---------------

OS:CentOS Linux release 7.2.1511 (Core) 

uname:Linux 3.10.0-327.28.2.el7.x86_64 #1 SMP Wed Aug 3 11:11:39 UTC 2016 x86_64
libc:glibc 2.17 NPTL 2.17 
rlimit: STACK 8192k, CORE 0k, NPROC 31062, NOFILE 4096, AS infinity
load average:4.71 2.54 1.70

/proc/meminfo:
MemTotal:        8010932 kB
MemFree:          125160 kB
MemAvailable:      82716 kB
Buffers:               0 kB
Cached:            68952 kB
SwapCached:            0 kB
Active:          7444336 kB
Inactive:          46224 kB
Active(anon):    7429296 kB
Inactive(anon):    24184 kB
Active(file):      15040 kB
Inactive(file):    22040 kB
Unevictable:           0 kB
Mlocked:               0 kB
SwapTotal:             0 kB
SwapFree:              0 kB
Dirty:               124 kB
Writeback:             0 kB
AnonPages:       7422648 kB
Mapped:            23628 kB
Shmem:             31100 kB
Slab:             140384 kB
SReclaimable:      46956 kB
SUnreclaim:        93428 kB
KernelStack:       28016 kB
PageTables:       145568 kB
NFS_Unstable:          0 kB
Bounce:                0 kB
WritebackTmp:          0 kB
CommitLimit:     4005464 kB
Committed_AS:   18948828 kB
VmallocTotal:   34359738367 kB
VmallocUsed:       19932 kB
VmallocChunk:   34359715840 kB
HardwareCorrupted:     0 kB
AnonHugePages:   3432448 kB
HugePages_Total:       0
HugePages_Free:        0
HugePages_Rsvd:        0
HugePages_Surp:        0
Hugepagesize:       2048 kB
DirectMap4k:      131064 kB
DirectMap2M:     4063232 kB
DirectMap1G:     6291456 kB


CPU:total 4 (1 cores per cpu, 1 threads per core) family 6 model 42 stepping 1, cmov, cx8, fxsr, mmx, sse, sse2, sse3, ssse3, sse4.1, sse4.2, popcnt, avx, avx2, aes, clmul, erms, lzcnt, tsc, bmi1, bmi2

/proc/cpuinfo:
processor	: 0
vendor_id	: GenuineIntel
cpu family	: 6
model		: 42
model name	: Intel Xeon E312xx (Sandy Bridge)
stepping	: 1
microcode	: 0x1
cpu MHz		: 2596.992
cache size	: 4096 KB
physical id	: 0
siblings	: 1
core id		: 0
cpu cores	: 1
apicid		: 0
initial apicid	: 0
fpu		: yes
fpu_exception	: yes
cpuid level	: 13
wp		: yes
flags		: fpu vme de pse tsc msr pae mce cx8 apic sep mtrr pge mca cmov pat pse36 clflush mmx fxsr sse sse2 ss syscall nx pdpe1gb rdtscp lm constant_tsc rep_good nopl eagerfpu pni pclmulqdq ssse3 fma cx16 pcid sse4_1 sse4_2 x2apic movbe popcnt tsc_deadline_timer aes xsave avx f16c rdrand hypervisor lahf_lm abm fsgsbase bmi1 avx2 smep bmi2 erms invpcid xsaveopt
bogomips	: 5193.98
clflush size	: 64
cache_alignment	: 64
address sizes	: 46 bits physical, 48 bits virtual
power management:

processor	: 1
vendor_id	: GenuineIntel
cpu family	: 6
model		: 42
model name	: Intel Xeon E312xx (Sandy Bridge)
stepping	: 1
microcode	: 0x1
cpu MHz		: 2596.992
cache size	: 4096 KB
physical id	: 1
siblings	: 1
core id		: 0
cpu cores	: 1
apicid		: 1
initial apicid	: 1
fpu		: yes
fpu_exception	: yes
cpuid level	: 13
wp		: yes
flags		: fpu vme de pse tsc msr pae mce cx8 apic sep mtrr pge mca cmov pat pse36 clflush mmx fxsr sse sse2 ss syscall nx pdpe1gb rdtscp lm constant_tsc rep_good nopl eagerfpu pni pclmulqdq ssse3 fma cx16 pcid sse4_1 sse4_2 x2apic movbe popcnt tsc_deadline_timer aes xsave avx f16c rdrand hypervisor lahf_lm abm fsgsbase bmi1 avx2 smep bmi2 erms invpcid xsaveopt
bogomips	: 5193.98
clflush size	: 64
cache_alignment	: 64
address sizes	: 46 bits physical, 48 bits virtual
power management:

processor	: 2
vendor_id	: GenuineIntel
cpu family	: 6
model		: 42
model name	: Intel Xeon E312xx (Sandy Bridge)
stepping	: 1
microcode	: 0x1
cpu MHz		: 2596.992
cache size	: 4096 KB
physical id	: 2
siblings	: 1
core id		: 0
cpu cores	: 1
apicid		: 2
initial apicid	: 2
fpu		: yes
fpu_exception	: yes
cpuid level	: 13
wp		: yes
flags		: fpu vme de pse tsc msr pae mce cx8 apic sep mtrr pge mca cmov pat pse36 clflush mmx fxsr sse sse2 ss syscall nx pdpe1gb rdtscp lm constant_tsc rep_good nopl eagerfpu pni pclmulqdq ssse3 fma cx16 pcid sse4_1 sse4_2 x2apic movbe popcnt tsc_deadline_timer aes xsave avx f16c rdrand hypervisor lahf_lm abm fsgsbase bmi1 avx2 smep bmi2 erms invpcid xsaveopt
bogomips	: 5193.98
clflush size	: 64
cache_alignment	: 64
address sizes	: 46 bits physical, 48 bits virtual
power management:

processor	: 3
vendor_id	: GenuineIntel
cpu family	: 6
model		: 42
model name	: Intel Xeon E312xx (Sandy Bridge)
stepping	: 1
microcode	: 0x1
cpu MHz		: 2596.992
cache size	: 4096 KB
physical id	: 3
siblings	: 1
core id		: 0
cpu cores	: 1
apicid		: 3
initial apicid	: 3
fpu		: yes
fpu_exception	: yes
cpuid level	: 13
wp		: yes
flags		: fpu vme de pse tsc msr pae mce cx8 apic sep mtrr pge mca cmov pat pse36 clflush mmx fxsr sse sse2 ss syscall nx pdpe1gb rdtscp lm constant_tsc rep_good nopl eagerfpu pni pclmulqdq ssse3 fma cx16 pcid sse4_1 sse4_2 x2apic movbe popcnt tsc_deadline_timer aes xsave avx f16c rdrand hypervisor lahf_lm abm fsgsbase bmi1 avx2 smep bmi2 erms invpcid xsaveopt
bogomips	: 5193.98
clflush size	: 64
cache_alignment	: 64
address sizes	: 46 bits physical, 48 bits virtual
power management:



Memory: 4k page, physical 8010932k(125160k free), swap 0k(0k free)

vm_info: Java HotSpot(TM) 64-Bit Server VM (25.45-b02) for linux-amd64 JRE (1.8.0_45-b14), built on Apr 10 2015 10:07:45 by "java_re" with gcc 4.3.0 20080428 (Red Hat 4.3.0-8)

time: Tue Dec 27 19:34:35 2016
elapsed time: 0 seconds (0d 0h 0m 0s)

